2024-12-02 13:09:26,055 [Worker-1: Loading available Gradle versions] INFO  o.e.b.c.i.u.g.PublishedGradleVersions - Gradle version information cache is up-to-date. Trying to read.
2024-12-02 13:29:17,881 [Worker-2: Loading available Gradle versions] INFO  o.e.b.c.i.u.g.PublishedGradleVersions - Gradle version information cache is up-to-date. Trying to read.
2024-12-02 13:33:24,872 [Worker-3: ビルド] INFO  o.e.m.c.i.l.LifecycleMappingFactory - Using org.eclipse.m2e.jdt.JarLifecycleMapping lifecycle mapping for MavenProject: com.example:kadai_002:0.0.1-SNAPSHOT @ C:\java_tabelog\kadai_002\tabelog_kadai\pom.xml.
2024-12-02 13:33:26,061 [Worker-3: ビルド] INFO  o.a.m.s.f.DefaultMavenResourcesFiltering - Copying 1 resource from src\main\resources to target\classes
2024-12-02 13:33:26,073 [Worker-3: ビルド] INFO  o.a.m.s.f.DefaultMavenResourcesFiltering - Copying 55 resources from src\main\resources to target\classes
2024-12-02 13:33:26,158 [Worker-3: ビルド] INFO  o.a.m.s.f.DefaultMavenResourcesFiltering - skip non existing resourceDirectory C:\java_tabelog\kadai_002\tabelog_kadai\src\test\resources
2024-12-02 13:33:27,447 [Worker-6: ビルド] INFO  o.a.m.s.f.DefaultMavenResourcesFiltering - Copying 1 resource from src\main\resources to target\classes
2024-12-02 13:33:27,449 [Worker-6: ビルド] INFO  o.a.m.s.f.DefaultMavenResourcesFiltering - Copying 55 resources from src\main\resources to target\classes
2024-12-02 13:33:27,513 [Worker-6: ビルド] INFO  o.a.m.s.f.DefaultMavenResourcesFiltering - skip non existing resourceDirectory C:\java_tabelog\kadai_002\tabelog_kadai\src\test\resources
2024-12-02 14:47:24,199 [Worker-16: ビルド] INFO  o.a.m.s.f.DefaultMavenResourcesFiltering - Copying 0 resource from src\main\resources to target\classes
2024-12-02 14:47:24,206 [Worker-16: ビルド] INFO  o.a.m.s.f.DefaultMavenResourcesFiltering - Copying 1 resource from src\main\resources to target\classes
2024-12-02 14:47:24,210 [Worker-16: ビルド] INFO  o.a.m.s.f.DefaultMavenResourcesFiltering - skip non existing resourceDirectory C:\java_tabelog\kadai_002\tabelog_kadai\src\test\resources
2024-12-02 14:56:22,775 [Worker-19: ビルド] INFO  o.a.m.s.f.DefaultMavenResourcesFiltering - Copying 1 resource from src\main\resources to target\classes
2024-12-02 14:56:22,799 [Worker-19: ビルド] INFO  o.a.m.s.f.DefaultMavenResourcesFiltering - Copying 55 resources from src\main\resources to target\classes
2024-12-02 14:56:22,812 [Worker-19: ビルド] INFO  o.a.m.s.f.DefaultMavenResourcesFiltering - skip non existing resourceDirectory C:\java_tabelog\kadai_002\tabelog_kadai\src\test\resources
2024-12-02 15:01:35,541 [Worker-21: ビルド] INFO  o.a.m.s.f.DefaultMavenResourcesFiltering - Copying 1 resource from src\main\resources to target\classes
2024-12-02 15:01:35,548 [Worker-21: ビルド] INFO  o.a.m.s.f.DefaultMavenResourcesFiltering - Copying 55 resources from src\main\resources to target\classes
2024-12-02 15:01:35,561 [Worker-21: ビルド] INFO  o.a.m.s.f.DefaultMavenResourcesFiltering - skip non existing resourceDirectory C:\java_tabelog\kadai_002\tabelog_kadai\src\test\resources
2024-12-02 15:32:35,412 [Worker-6: ビルド] INFO  o.a.m.s.f.DefaultMavenResourcesFiltering - Copying 1 resource from src\main\resources to target\classes
2024-12-02 15:32:35,420 [Worker-6: ビルド] INFO  o.a.m.s.f.DefaultMavenResourcesFiltering - Copying 55 resources from src\main\resources to target\classes
2024-12-02 15:32:35,431 [Worker-6: ビルド] INFO  o.a.m.s.f.DefaultMavenResourcesFiltering - skip non existing resourceDirectory C:\java_tabelog\kadai_002\tabelog_kadai\src\test\resources
2024-12-02 15:34:50,582 [Worker-22: ビルド] INFO  o.a.m.s.f.DefaultMavenResourcesFiltering - Copying 1 resource from src\main\resources to target\classes
2024-12-02 15:34:50,590 [Worker-22: ビルド] INFO  o.a.m.s.f.DefaultMavenResourcesFiltering - Copying 55 resources from src\main\resources to target\classes
2024-12-02 15:34:50,602 [Worker-22: ビルド] INFO  o.a.m.s.f.DefaultMavenResourcesFiltering - skip non existing resourceDirectory C:\java_tabelog\kadai_002\tabelog_kadai\src\test\resources
2024-12-02 15:38:50,640 [Worker-22: ビルド] INFO  o.a.m.s.f.DefaultMavenResourcesFiltering - Copying 1 resource from src\main\resources to target\classes
2024-12-02 15:38:50,648 [Worker-22: ビルド] INFO  o.a.m.s.f.DefaultMavenResourcesFiltering - Copying 55 resources from src\main\resources to target\classes
2024-12-02 15:38:50,661 [Worker-22: ビルド] INFO  o.a.m.s.f.DefaultMavenResourcesFiltering - skip non existing resourceDirectory C:\java_tabelog\kadai_002\tabelog_kadai\src\test\resources
2024-12-02 15:39:02,994 [Worker-7: Loading available Gradle versions] INFO  o.e.b.c.i.u.g.PublishedGradleVersions - Gradle version information cache is up-to-date. Trying to read.
2024-12-02 15:39:27,243 [Worker-5: ビルド] INFO  o.a.m.s.f.DefaultMavenResourcesFiltering - Copying 1 resource from src\main\resources to target\classes
2024-12-02 15:39:27,254 [Worker-5: ビルド] INFO  o.a.m.s.f.DefaultMavenResourcesFiltering - Copying 55 resources from src\main\resources to target\classes
2024-12-02 15:39:27,268 [Worker-5: ビルド] INFO  o.a.m.s.f.DefaultMavenResourcesFiltering - skip non existing resourceDirectory C:\java_tabelog\kadai_002\tabelog_kadai\src\test\resources
2024-12-02 15:43:47,196 [Worker-19: ビルド] INFO  o.a.m.s.f.DefaultMavenResourcesFiltering - Copying 1 resource from src\main\resources to target\classes
2024-12-02 15:43:47,203 [Worker-19: ビルド] INFO  o.a.m.s.f.DefaultMavenResourcesFiltering - Copying 55 resources from src\main\resources to target\classes
2024-12-02 15:43:47,218 [Worker-19: ビルド] INFO  o.a.m.s.f.DefaultMavenResourcesFiltering - skip non existing resourceDirectory C:\java_tabelog\kadai_002\tabelog_kadai\src\test\resources
2024-12-02 15:47:17,203 [Worker-10: ビルド] INFO  o.a.m.s.f.DefaultMavenResourcesFiltering - Copying 1 resource from src\main\resources to target\classes
2024-12-02 15:47:17,210 [Worker-10: ビルド] INFO  o.a.m.s.f.DefaultMavenResourcesFiltering - Copying 55 resources from src\main\resources to target\classes
2024-12-02 15:47:17,223 [Worker-10: ビルド] INFO  o.a.m.s.f.DefaultMavenResourcesFiltering - skip non existing resourceDirectory C:\java_tabelog\kadai_002\tabelog_kadai\src\test\resources
2024-12-02 15:47:25,668 [Worker-1: ビルド] INFO  o.a.m.s.f.DefaultMavenResourcesFiltering - Copying 1 resource from src\main\resources to target\classes
2024-12-02 15:47:25,676 [Worker-1: ビルド] INFO  o.a.m.s.f.DefaultMavenResourcesFiltering - Copying 55 resources from src\main\resources to target\classes
2024-12-02 15:47:25,688 [Worker-1: ビルド] INFO  o.a.m.s.f.DefaultMavenResourcesFiltering - skip non existing resourceDirectory C:\java_tabelog\kadai_002\tabelog_kadai\src\test\resources
2024-12-02 15:54:43,141 [Worker-1: ビルド] INFO  o.a.m.s.f.DefaultMavenResourcesFiltering - Copying 1 resource from src\main\resources to target\classes
2024-12-02 15:54:43,148 [Worker-1: ビルド] INFO  o.a.m.s.f.DefaultMavenResourcesFiltering - Copying 55 resources from src\main\resources to target\classes
2024-12-02 15:54:43,161 [Worker-1: ビルド] INFO  o.a.m.s.f.DefaultMavenResourcesFiltering - skip non existing resourceDirectory C:\java_tabelog\kadai_002\tabelog_kadai\src\test\resources
2024-12-02 15:56:29,690 [Worker-0: ビルド] INFO  o.a.m.s.f.DefaultMavenResourcesFiltering - Copying 1 resource from src\main\resources to target\classes
2024-12-02 15:56:29,703 [Worker-0: ビルド] INFO  o.a.m.s.f.DefaultMavenResourcesFiltering - Copying 55 resources from src\main\resources to target\classes
2024-12-02 15:56:29,716 [Worker-0: ビルド] INFO  o.a.m.s.f.DefaultMavenResourcesFiltering - skip non existing resourceDirectory C:\java_tabelog\kadai_002\tabelog_kadai\src\test\resources
2024-12-02 15:59:41,966 [Worker-0: ビルド] INFO  o.a.m.s.f.DefaultMavenResourcesFiltering - Copying 1 resource from src\main\resources to target\classes
2024-12-02 15:59:41,973 [Worker-0: ビルド] INFO  o.a.m.s.f.DefaultMavenResourcesFiltering - Copying 55 resources from src\main\resources to target\classes
2024-12-02 15:59:41,986 [Worker-0: ビルド] INFO  o.a.m.s.f.DefaultMavenResourcesFiltering - skip non existing resourceDirectory C:\java_tabelog\kadai_002\tabelog_kadai\src\test\resources
2024-12-02 16:01:49,076 [Worker-20: ビルド] INFO  o.a.m.s.f.DefaultMavenResourcesFiltering - Copying 1 resource from src\main\resources to target\classes
2024-12-02 16:01:49,083 [Worker-20: ビルド] INFO  o.a.m.s.f.DefaultMavenResourcesFiltering - Copying 55 resources from src\main\resources to target\classes
2024-12-02 16:01:49,095 [Worker-20: ビルド] INFO  o.a.m.s.f.DefaultMavenResourcesFiltering - skip non existing resourceDirectory C:\java_tabelog\kadai_002\tabelog_kadai\src\test\resources
2024-12-02 16:05:27,401 [Worker-14: ビルド] INFO  o.a.m.s.f.DefaultMavenResourcesFiltering - Copying 1 resource from src\main\resources to target\classes
2024-12-02 16:05:27,407 [Worker-14: ビルド] INFO  o.a.m.s.f.DefaultMavenResourcesFiltering - Copying 55 resources from src\main\resources to target\classes
2024-12-02 16:05:27,420 [Worker-14: ビルド] INFO  o.a.m.s.f.DefaultMavenResourcesFiltering - skip non existing resourceDirectory C:\java_tabelog\kadai_002\tabelog_kadai\src\test\resources
2024-12-02 16:07:52,981 [Worker-22: ビルド] INFO  o.a.m.s.f.DefaultMavenResourcesFiltering - Copying 1 resource from src\main\resources to target\classes
2024-12-02 16:07:52,992 [Worker-22: ビルド] INFO  o.a.m.s.f.DefaultMavenResourcesFiltering - Copying 55 resources from src\main\resources to target\classes
2024-12-02 16:07:53,005 [Worker-22: ビルド] INFO  o.a.m.s.f.DefaultMavenResourcesFiltering - skip non existing resourceDirectory C:\java_tabelog\kadai_002\tabelog_kadai\src\test\resources
2024-12-02 16:07:58,473 [Worker-14: ビルド] INFO  o.a.m.s.f.DefaultMavenResourcesFiltering - Copying 1 resource from src\main\resources to target\classes
2024-12-02 16:07:58,481 [Worker-14: ビルド] INFO  o.a.m.s.f.DefaultMavenResourcesFiltering - Copying 55 resources from src\main\resources to target\classes
2024-12-02 16:07:58,495 [Worker-14: ビルド] INFO  o.a.m.s.f.DefaultMavenResourcesFiltering - skip non existing resourceDirectory C:\java_tabelog\kadai_002\tabelog_kadai\src\test\resources
2024-12-02 16:10:13,943 [Worker-14: ビルド] INFO  o.a.m.s.f.DefaultMavenResourcesFiltering - Copying 1 resource from src\main\resources to target\classes
2024-12-02 16:10:13,950 [Worker-14: ビルド] INFO  o.a.m.s.f.DefaultMavenResourcesFiltering - Copying 55 resources from src\main\resources to target\classes
2024-12-02 16:10:13,963 [Worker-14: ビルド] INFO  o.a.m.s.f.DefaultMavenResourcesFiltering - skip non existing resourceDirectory C:\java_tabelog\kadai_002\tabelog_kadai\src\test\resources
2024-12-02 16:13:41,833 [Worker-14: ビルド] INFO  o.a.m.s.f.DefaultMavenResourcesFiltering - Copying 1 resource from src\main\resources to target\classes
2024-12-02 16:13:41,841 [Worker-14: ビルド] INFO  o.a.m.s.f.DefaultMavenResourcesFiltering - Copying 55 resources from src\main\resources to target\classes
2024-12-02 16:13:41,855 [Worker-14: ビルド] INFO  o.a.m.s.f.DefaultMavenResourcesFiltering - skip non existing resourceDirectory C:\java_tabelog\kadai_002\tabelog_kadai\src\test\resources
2024-12-02 16:14:23,535 [Worker-25: ビルド] INFO  o.a.m.s.f.DefaultMavenResourcesFiltering - Copying 1 resource from src\main\resources to target\classes
2024-12-02 16:14:23,542 [Worker-25: ビルド] INFO  o.a.m.s.f.DefaultMavenResourcesFiltering - Copying 55 resources from src\main\resources to target\classes
2024-12-02 16:14:23,553 [Worker-25: ビルド] INFO  o.a.m.s.f.DefaultMavenResourcesFiltering - skip non existing resourceDirectory C:\java_tabelog\kadai_002\tabelog_kadai\src\test\resources
2024-12-02 16:19:30,619 [Worker-14: ビルド] INFO  o.a.m.s.f.DefaultMavenResourcesFiltering - Copying 1 resource from src\main\resources to target\classes
2024-12-02 16:19:30,626 [Worker-14: ビルド] INFO  o.a.m.s.f.DefaultMavenResourcesFiltering - Copying 55 resources from src\main\resources to target\classes
2024-12-02 16:19:30,639 [Worker-14: ビルド] INFO  o.a.m.s.f.DefaultMavenResourcesFiltering - skip non existing resourceDirectory C:\java_tabelog\kadai_002\tabelog_kadai\src\test\resources
2024-12-02 16:19:56,903 [Worker-28: ビルド] INFO  o.a.m.s.f.DefaultMavenResourcesFiltering - Copying 1 resource from src\main\resources to target\classes
2024-12-02 16:19:56,909 [Worker-28: ビルド] INFO  o.a.m.s.f.DefaultMavenResourcesFiltering - Copying 55 resources from src\main\resources to target\classes
2024-12-02 16:19:56,921 [Worker-28: ビルド] INFO  o.a.m.s.f.DefaultMavenResourcesFiltering - skip non existing resourceDirectory C:\java_tabelog\kadai_002\tabelog_kadai\src\test\resources
2024-12-02 16:24:34,853 [Worker-29: ビルド] INFO  o.a.m.s.f.DefaultMavenResourcesFiltering - Copying 1 resource from src\main\resources to target\classes
2024-12-02 16:24:34,860 [Worker-29: ビルド] INFO  o.a.m.s.f.DefaultMavenResourcesFiltering - Copying 55 resources from src\main\resources to target\classes
2024-12-02 16:24:34,872 [Worker-29: ビルド] INFO  o.a.m.s.f.DefaultMavenResourcesFiltering - skip non existing resourceDirectory C:\java_tabelog\kadai_002\tabelog_kadai\src\test\resources
2024-12-02 16:27:04,062 [Worker-14: ビルド] INFO  o.a.m.s.f.DefaultMavenResourcesFiltering - Copying 1 resource from src\main\resources to target\classes
2024-12-02 16:27:04,069 [Worker-14: ビルド] INFO  o.a.m.s.f.DefaultMavenResourcesFiltering - Copying 55 resources from src\main\resources to target\classes
2024-12-02 16:27:04,081 [Worker-14: ビルド] INFO  o.a.m.s.f.DefaultMavenResourcesFiltering - skip non existing resourceDirectory C:\java_tabelog\kadai_002\tabelog_kadai\src\test\resources
2024-12-02 16:27:52,946 [Worker-1: ビルド] INFO  o.a.m.s.f.DefaultMavenResourcesFiltering - Copying 1 resource from src\main\resources to target\classes
2024-12-02 16:27:52,952 [Worker-1: ビルド] INFO  o.a.m.s.f.DefaultMavenResourcesFiltering - Copying 55 resources from src\main\resources to target\classes
2024-12-02 16:27:52,965 [Worker-1: ビルド] INFO  o.a.m.s.f.DefaultMavenResourcesFiltering - skip non existing resourceDirectory C:\java_tabelog\kadai_002\tabelog_kadai\src\test\resources
2024-12-02 16:30:49,513 [Worker-28: ビルド] INFO  o.a.m.s.f.DefaultMavenResourcesFiltering - Copying 1 resource from src\main\resources to target\classes
2024-12-02 16:30:49,519 [Worker-28: ビルド] INFO  o.a.m.s.f.DefaultMavenResourcesFiltering - Copying 55 resources from src\main\resources to target\classes
2024-12-02 16:30:49,531 [Worker-28: ビルド] INFO  o.a.m.s.f.DefaultMavenResourcesFiltering - skip non existing resourceDirectory C:\java_tabelog\kadai_002\tabelog_kadai\src\test\resources
2024-12-02 16:43:03,176 [Worker-33: ビルド] INFO  o.a.m.s.f.DefaultMavenResourcesFiltering - Copying 1 resource from src\main\resources to target\classes
2024-12-02 16:43:03,184 [Worker-33: ビルド] INFO  o.a.m.s.f.DefaultMavenResourcesFiltering - Copying 55 resources from src\main\resources to target\classes
2024-12-02 16:43:03,200 [Worker-33: ビルド] INFO  o.a.m.s.f.DefaultMavenResourcesFiltering - skip non existing resourceDirectory C:\java_tabelog\kadai_002\tabelog_kadai\src\test\resources
2024-12-02 16:44:12,648 [Worker-28: ビルド] INFO  o.a.m.s.f.DefaultMavenResourcesFiltering - Copying 1 resource from src\main\resources to target\classes
2024-12-02 16:44:12,655 [Worker-28: ビルド] INFO  o.a.m.s.f.DefaultMavenResourcesFiltering - Copying 55 resources from src\main\resources to target\classes
2024-12-02 16:44:12,669 [Worker-28: ビルド] INFO  o.a.m.s.f.DefaultMavenResourcesFiltering - skip non existing resourceDirectory C:\java_tabelog\kadai_002\tabelog_kadai\src\test\resources
2024-12-02 16:44:49,318 [Worker-34: ビルド] INFO  o.a.m.s.f.DefaultMavenResourcesFiltering - Copying 1 resource from src\main\resources to target\classes
2024-12-02 16:44:49,321 [Worker-34: ビルド] INFO  o.a.m.s.f.DefaultMavenResourcesFiltering - Copying 55 resources from src\main\resources to target\classes
2024-12-02 16:44:49,405 [Worker-34: ビルド] INFO  o.a.m.s.f.DefaultMavenResourcesFiltering - skip non existing resourceDirectory C:\java_tabelog\kadai_002\tabelog_kadai\src\test\resources
2024-12-02 16:44:51,875 [Worker-32: tabelog_kadai - TabelogApplication の起動] INFO  o.a.m.s.f.DefaultMavenResourcesFiltering - Copying 1 resource from src\main\resources to target\classes
2024-12-02 16:44:51,883 [Worker-32: tabelog_kadai - TabelogApplication の起動] INFO  o.a.m.s.f.DefaultMavenResourcesFiltering - Copying 55 resources from src\main\resources to target\classes
2024-12-02 16:44:51,900 [Worker-32: tabelog_kadai - TabelogApplication の起動] INFO  o.a.m.s.f.DefaultMavenResourcesFiltering - skip non existing resourceDirectory C:\java_tabelog\kadai_002\tabelog_kadai\src\test\resources
2024-12-02 16:46:55,281 [Worker-33: ビルド] INFO  o.a.m.s.f.DefaultMavenResourcesFiltering - Copying 1 resource from src\main\resources to target\classes
2024-12-02 16:46:55,288 [Worker-33: ビルド] INFO  o.a.m.s.f.DefaultMavenResourcesFiltering - Copying 55 resources from src\main\resources to target\classes
2024-12-02 16:46:55,301 [Worker-33: ビルド] INFO  o.a.m.s.f.DefaultMavenResourcesFiltering - skip non existing resourceDirectory C:\java_tabelog\kadai_002\tabelog_kadai\src\test\resources
2024-12-02 16:47:14,177 [Worker-31: ビルド] INFO  o.a.m.s.f.DefaultMavenResourcesFiltering - Copying 1 resource from src\main\resources to target\classes
2024-12-02 16:47:14,183 [Worker-31: ビルド] INFO  o.a.m.s.f.DefaultMavenResourcesFiltering - Copying 55 resources from src\main\resources to target\classes
2024-12-02 16:47:14,196 [Worker-31: ビルド] INFO  o.a.m.s.f.DefaultMavenResourcesFiltering - skip non existing resourceDirectory C:\java_tabelog\kadai_002\tabelog_kadai\src\test\resources
2024-12-02 16:48:14,365 [Worker-33: ビルド] INFO  o.a.m.s.f.DefaultMavenResourcesFiltering - Copying 1 resource from src\main\resources to target\classes
2024-12-02 16:48:14,371 [Worker-33: ビルド] INFO  o.a.m.s.f.DefaultMavenResourcesFiltering - Copying 55 resources from src\main\resources to target\classes
2024-12-02 16:48:14,383 [Worker-33: ビルド] INFO  o.a.m.s.f.DefaultMavenResourcesFiltering - skip non existing resourceDirectory C:\java_tabelog\kadai_002\tabelog_kadai\src\test\resources
2024-12-02 16:56:51,325 [Worker-35: ビルド] INFO  o.a.m.s.f.DefaultMavenResourcesFiltering - Copying 0 resource from src\main\resources to target\classes
2024-12-02 16:56:51,332 [Worker-35: ビルド] INFO  o.a.m.s.f.DefaultMavenResourcesFiltering - Copying 1 resource from src\main\resources to target\classes
2024-12-02 16:56:51,336 [Worker-35: ビルド] INFO  o.a.m.s.f.DefaultMavenResourcesFiltering - skip non existing resourceDirectory C:\java_tabelog\kadai_002\tabelog_kadai\src\test\resources
2024-12-02 17:02:18,628 [Worker-33: ビルド] INFO  o.a.m.s.f.DefaultMavenResourcesFiltering - Copying 0 resource from src\main\resources to target\classes
2024-12-02 17:02:18,634 [Worker-33: ビルド] INFO  o.a.m.s.f.DefaultMavenResourcesFiltering - Copying 1 resource from src\main\resources to target\classes
2024-12-02 17:02:18,638 [Worker-33: ビルド] INFO  o.a.m.s.f.DefaultMavenResourcesFiltering - skip non existing resourceDirectory C:\java_tabelog\kadai_002\tabelog_kadai\src\test\resources
2024-12-02 17:11:45,374 [Worker-41: ビルド] INFO  o.a.m.s.f.DefaultMavenResourcesFiltering - Copying 0 resource from src\main\resources to target\classes
2024-12-02 17:11:45,383 [Worker-41: ビルド] INFO  o.a.m.s.f.DefaultMavenResourcesFiltering - Copying 0 resource from src\main\resources to target\classes
2024-12-02 17:11:45,386 [Worker-41: ビルド] INFO  o.a.m.s.f.DefaultMavenResourcesFiltering - skip non existing resourceDirectory C:\java_tabelog\kadai_002\tabelog_kadai\src\test\resources
2024-12-02 17:16:44,752 [Worker-62: ビルド] INFO  o.a.m.s.f.DefaultMavenResourcesFiltering - Copying 1 resource from src\main\resources to target\classes
2024-12-02 17:16:44,761 [Worker-62: ビルド] INFO  o.a.m.s.f.DefaultMavenResourcesFiltering - Copying 56 resources from src\main\resources to target\classes
2024-12-02 17:16:44,791 [Worker-62: ビルド] INFO  o.a.m.s.f.DefaultMavenResourcesFiltering - skip non existing resourceDirectory C:\java_tabelog\kadai_002\tabelog_kadai\src\test\resources
2024-12-02 17:22:42,156 [Worker-51: ビルド] INFO  o.e.m.c.i.l.LifecycleMappingFactory - Using org.eclipse.m2e.jdt.JarLifecycleMapping lifecycle mapping for MavenProject: com.example:kadai_002:0.0.1-SNAPSHOT @ C:\java_tabelog\kadai_002\tabelog_kadai\pom.xml.
2024-12-02 17:22:42,722 [Worker-51: ビルド] INFO  o.a.m.s.f.DefaultMavenResourcesFiltering - Copying 1 resource from src\main\resources to target\classes
2024-12-02 17:22:42,878 [Worker-51: ビルド] INFO  o.a.m.s.f.DefaultMavenResourcesFiltering - Copying 56 resources from src\main\resources to target\classes
2024-12-02 17:22:42,939 [Worker-51: ビルド] INFO  o.a.m.s.f.DefaultMavenResourcesFiltering - skip non existing resourceDirectory C:\java_tabelog\kadai_002\tabelog_kadai\src\test\resources
2024-12-02 17:22:44,325 [Worker-68: ビルド] INFO  o.a.m.s.f.DefaultMavenResourcesFiltering - Copying 1 resource from src\main\resources to target\classes
2024-12-02 17:22:44,326 [Worker-68: ビルド] INFO  o.a.m.s.f.DefaultMavenResourcesFiltering - Copying 56 resources from src\main\resources to target\classes
2024-12-02 17:22:44,376 [Worker-68: ビルド] INFO  o.a.m.s.f.DefaultMavenResourcesFiltering - skip non existing resourceDirectory C:\java_tabelog\kadai_002\tabelog_kadai\src\test\resources
